I200108 08:11:55.973641 1 util/log/clog.go:1196  [config] file created at: 2020/01/08 08:11:55
I200108 08:11:55.973641 1 util/log/clog.go:1196  [config] running on machine: Mayras-MacBook-Pro
I200108 08:11:55.973641 1 util/log/clog.go:1196  [config] binary: CockroachDB CCL v19.2.2 (x86_64-apple-darwin14, built 2019/12/11 01:27:47, go1.12.12)
I200108 08:11:55.973641 1 util/log/clog.go:1196  [config] arguments: [cockroach start --insecure]
I200108 08:11:55.973641 1 util/log/clog.go:1196  line format: [IWEF]yymmdd hh:mm:ss.uuuuuu goid file:line msg utf8=✓
I200108 08:11:55.973639 1 cli/start.go:1144  logging to directory /Users/mayralucianavarro/go/src/apiServer/cockroach-data/logs
W200108 08:11:55.974631 1 cli/start.go:1182  RUNNING IN INSECURE MODE!

- Your cluster is open for any client that can access <all your IP addresses>.
- Any user, even root, can log in without providing a password.
- Any user, connecting as root, can read or write any data in your cluster.
- There is no network encryption nor authentication, and thus no confidentiality.

Check out how to secure your cluster: https://www.cockroachlabs.com/docs/v19.2/secure-a-cluster.html
W200108 08:11:55.975046 1 cli/start.go:1052  Using the default setting for --cache (128 MiB).
  A significantly larger value is usually needed for good performance.
  If you have a dedicated server a reasonable setting is --cache=.25 (4.0 GiB).
W200108 08:11:55.975288 1 cli/start.go:1065  Using the default setting for --max-sql-memory (128 MiB).
  A significantly larger value is usually needed in production.
  If you have a dedicated server a reasonable setting is --max-sql-memory=.25 (4.0 GiB).
I200108 08:11:55.975313 1 cli/start.go:1196  CockroachDB CCL v19.2.2 (x86_64-apple-darwin14, built 2019/12/11 01:27:47, go1.12.12)
W200108 08:11:56.081053 1 cli/start.go:511  running 'cockroach start' without --join is deprecated.
Consider using 'cockroach start-single-node' or 'cockroach init' instead.
I200108 08:11:56.083983 1 server/config.go:394  system total memory: 16 GiB
I200108 08:11:56.084055 1 server/config.go:396  server configuration:
max offset             500000000
cache size             128 MiB
SQL memory pool size   128 MiB
scan interval          10m0s
scan min idle time     10ms
scan max idle time     1s
event log enabled      true
I200108 08:11:56.084130 1 cli/start.go:1037  process identity: uid 501 euid 501 gid 20 egid 20
I200108 08:11:56.084287 1 cli/start.go:644  starting cockroach node
I200108 08:11:56.086987 11 storage/engine/rocksdb.go:622  opening rocksdb instance at "/Users/mayralucianavarro/go/src/apiServer/cockroach-data/cockroach-temp153028731"
I200108 08:11:56.109416 11 server/server.go:928  [n?] monitoring forward clock jumps based on server.clock.forward_jump_check_enabled
E200108 08:11:56.143528 1 cli/error.go:233  cockroach server exited with error: consider changing the port via --http-addr: listen tcp :8080: bind: address already in use
